Solver:               ../libDAI-0.3.1/examples/cassio
Seed:                 42
Task:                 MAR
Factorgraph filename: DBN_15.uai
Evidence filename:    DBN_15.uai.evid
Time limit:           inf
Memory limit:         0
Output filename:      DBN_15.uai.MAR
Opened output stream
Reading factor graph...
Successfully read factor graph
This cannot be a grid!
Reading evidence...
Successfully read 1 evidence cases
  Writing header to file...
Constructing clamped factor graphs...
  Evidence case 0...
    Applying evidence...
    Constructing factor graph...
Solving inference problems...
  Solver 0
    Evidence case 0, subsolver = 0...
      Constructing inference algorithm...
      Past time:     0.00196505
      Remaining time:inf
      Allotted time: inf
      Initializing inference algorithm...
      Running inference algorithm...
      Inference algorithm finished...
      Used time:             0.00331903
      Number of iterations:  3
      Final maxdiff:         8.03801e-14
    Replacing best beliefs so far with new beliefs
    Cleaning up...
    Writing output...
    Done...
Closing output file...
Done!
