Time-bound=100
Reading Markov network
Treewidth = 22
# sampled = 5
# sampled = 5
Limit for exact inf = 4.5
log 10 num values = 1.50515
not propagating: 344.596 289.17
not propagating: 344.5 324.616
not propagating: 344.413 298.103
not propagating: 344.333 280.636
not propagating: 344.259 288.163
not propagating: 344.19 282.752
not propagating: 344.126 308.593
not propagating: 344.065 271.803
not propagating: 344.008 279.503
not propagating: 343.954 314.949
not propagating: 343.902 288.436
not propagating: 343.854 324.888
not propagating: 348.277 315.955
not propagating: 348.234 289.442
not propagating: 348.194 276.435
not propagating: 348.154 267.187
not propagating: 348.117 302.633
not propagating: 348.08 276.12
not propagating: 348.045 282.152
not propagating: 348.011 266.181
not propagating: 347.979 284.268
not propagating: 347.947 310.109
Explored = 32out of 32
Exact answer
