DBN_13.uai.MAR
Evidence read
Total time = 120
i-bound = 14
rb-bound = 12.1582
num iterations  = 17
Smallest cutset size inited to 1.79769e+308
4.15888 1.79769e+308 0 0
lex inited
23
4.90976e+59
9.59067e+62
1.28102e+63
3.72123e+60
8.23884e+63
2.35585e+62
2.03023e+59
5.90886e+59
1.06209e+59
7.59467e+64
6.66259e+64
1.04791e+60
2.0799e+63
4.23441e+59
9.21608e+58
1.48162e+63
1.04785e+62
3.21935e+58
2.40646e+61
1.62214e+58
8.63299e+62
6.33555e+62
2.38462e+59
1.82418e+59
6.52304e+59
2.57199e+61
5.98488e+62
3.72334e+63
5.75184e+62
9.52716e+60
7.28134e+63
PE = 65.2322
