Time-bound=100
Reading Markov network
Treewidth = 22
# sampled = 5
# sampled = 5
Limit for exact inf = 4.5
log 10 num values = 1.50515
not propagating: 139.896 116.898
not propagating: 139.714 125.258
not propagating: 139.634 120.655
not propagating: 139.56 126.465
not propagating: 139.491 121.066
not propagating: 139.426 126.422
not propagating: 139.365 113.225
not propagating: 139.208 120.248
not propagating: 139.159 124.96
not propagating: 141.482 119.749
not propagating: 141.441 125.123
not propagating: 142.064 124.601
not propagating: 142.029 125.106
not propagating: 141.935 127.322
Explored = 32out of 32
Exact answer
