Grids_11.uai.MAR
Evidence read
Total time = 120
i-bound = 14
rb-bound = 11.3372
num iterations  = 17
Smallest cutset size inited to 1.79769e+308
4.85203 1.79769e+308 0 0
lex inited
21
Lex: #sampled = 5
3.46574 4.85203
7.68473e+166
2.63249e+166
5.49798e+165
4.04513e+168
1.38215e+169
1.79521e+166
6.34029e+164
5.47996e+165
3.66845e+164
4.65243e+163
1.02427e+165
7.6242e+167
5.61505e+166
7.4946e+163
1.36863e+165
4.68778e+165
3.02326e+166
2.44649e+166
1.15603e+163
1.58931e+166
6.3693e+168
2.73272e+165
PE = 169.403
