ObjectDetection_61.uai.MAR
Evidence read
Total time = 120
i-bound = 4
rb-bound = 11.848
num iterations  = 17
Smallest cutset size inited to 1.79769e+308
9.21034 1.79769e+308 0 0
6.90776 9.21034 3 0
lex inited
60
1.15206e-25
6.08415e-26
5.51796e-26
2.26614e-26
2.54691e-26
2.91659e-26
2.70139e-26
1.07817e-26
8.99381e-27
2.95117e-27
2.66527e-27
8.03462e-27
9.17569e-27
2.31746e-26
2.51312e-26
2.20305e-26
1.93693e-26
4.80257e-26
5.25922e-26
9.97957e-26
8.00616e-26
4.19428e-26
3.85461e-26
1.54961e-26
1.79624e-26
2.04518e-26
1.88223e-26
7.32574e-27
6.08859e-27
1.98535e-27
1.56601e-27
4.67954e-27
5.06213e-27
1.3116e-26
1.43526e-26
1.26884e-26
1.07835e-26
2.7685e-26
2.98184e-26
5.70247e-26
4.93766e-26
2.57641e-26
2.39462e-26
9.36072e-27
1.10741e-26
1.25301e-26
1.14532e-26
4.3951e-27
3.9111e-27
1.29438e-27
1.04822e-27
3.23136e-27
4.04654e-27
1.0144e-26
1.09318e-26
9.5286e-27
8.48869e-27
2.04762e-26
2.26241e-26
4.28587e-26
3.95589e-26
2.1016e-26
1.89388e-26
7.80241e-27
8.60532e-27
9.87243e-27
9.16275e-27
3.71992e-27
3.26949e-27
1.09147e-27
9.15217e-28
2.77635e-27
3.35726e-27
8.1443e-27
8.71515e-27
7.54933e-27
6.99359e-27
1.65178e-26
1.85424e-26
3.47458e-26
3.16393e-26
1.66753e-26
1.52809e-26
6.08174e-27
6.94253e-27
7.89861e-27
7.26408e-27
2.8732e-27
2.65618e-27
8.93566e-28
3.22531e-28
9.31127e-28
9.21158e-28
2.26287e-27
2.45203e-27
2.14892e-27
1.94317e-27
4.85686e-27
5.35804e-27
1.00652e-26
7.36956e-27
3.92641e-27
3.55252e-27
1.42705e-27
1.57221e-27
1.79568e-27
1.65888e-27
6.7721e-28
6.79824e-28
2.3519e-28
6.52713e-28
1.94251e-27
2.11537e-27
5.33273e-27
5.79249e-27
5.08652e-27
4.47287e-27
1.11934e-26
1.22378e-26
2.31996e-26
2.55074e-26
1.36241e-26
1.21138e-26
5.14952e-27
5.53753e-27
6.39874e-27
5.98585e-27
2.47465e-27
2.03296e-27
6.69392e-28
7.97692e-28
2.39228e-27
2.7401e-27
6.72986e-27
7.24355e-27
6.30787e-27
5.74115e-27
1.38798e-26
PE = -23.7075
