ObjectDetection_46.uai.MAR
Evidence read
Total time = 120
i-bound = 4
rb-bound = 11.848
num iterations  = 17
Smallest cutset size inited to 1.79769e+308
9.21034 1.79769e+308 0 0
6.90776 9.21034 3 0
lex inited
60
4.94301e-45
4.6084e-45
3.74499e-45
2.00159e-45
2.97005e-45
2.36312e-45
1.84206e-45
2.43543e-45
2.17153e-45
1.71115e-45
1.61087e-45
2.09928e-45
2.42805e-45
1.81076e-45
2.19474e-45
2.8194e-45
1.83244e-45
3.69516e-45
4.3914e-45
4.84492e-45
4.58034e-45
4.21222e-45
3.46694e-45
1.784e-45
2.69829e-45
2.12979e-45
1.72232e-45
2.28138e-45
2.00695e-45
1.54267e-45
1.2987e-45
1.66485e-45
1.90825e-45
1.42498e-45
1.76994e-45
2.26147e-45
1.48868e-45
2.92705e-45
3.50817e-45
3.83543e-45
3.51997e-45
3.25455e-45
2.68393e-45
1.40535e-45
2.10436e-45
1.65897e-45
1.30246e-45
1.73813e-45
1.53342e-45
1.214e-45
1.01738e-45
1.35663e-45
1.56088e-45
1.17722e-45
1.40562e-45
1.79316e-45
1.16469e-45
2.34379e-45
2.81662e-45
3.10167e-45
2.24951e-45
2.03111e-45
1.74409e-45
8.60491e-46
1.32343e-45
1.01723e-45
8.18208e-46
1.11931e-45
9.58355e-46
7.6538e-46
8.20886e-46
1.10627e-45
1.25865e-45
9.60358e-46
1.14962e-45
1.45153e-45
9.5056e-46
1.87592e-45
2.29197e-45
2.50349e-45
2.03822e-45
1.83452e-45
1.56649e-45
7.64232e-46
1.18377e-45
9.1317e-46
7.54038e-46
1.02186e-45
8.74928e-46
6.78599e-46
4.11165e-46
5.22471e-46
6.17036e-46
4.49476e-46
5.44984e-46
7.14139e-46
4.57749e-46
9.55025e-46
1.09944e-45
1.23087e-45
5.01674e-46
4.51448e-46
3.88419e-46
1.89908e-46
2.93435e-46
2.25294e-46
1.83197e-46
2.50448e-46
2.13804e-46
1.69266e-46
2.80199e-46
3.59108e-46
4.15976e-46
3.08245e-46
3.78651e-46
4.8786e-46
3.18029e-46
6.38968e-46
7.55552e-46
8.33181e-46
1.03089e-45
9.51015e-46
7.70749e-46
3.98585e-46
6.02673e-46
4.80317e-46
3.95493e-46
5.16103e-46
4.57443e-46
3.4148e-46
3.16028e-46
3.93345e-46
4.55642e-46
3.34473e-46
4.21795e-46
5.45411e-46
3.58081e-46
7.1141e-46
PE = -42.6857
