ObjectDetection_74.uai.MAR
Evidence read
Total time = 120
i-bound = 4
rb-bound = 11.848
num iterations  = 17
Smallest cutset size inited to 1.79769e+308
9.21034 1.79769e+308 0 0
6.90776 9.21034 3 0
lex inited
60
1.03883e-34
8.06374e-35
7.99449e-35
7.0019e-35
3.59977e-35
4.52768e-35
2.4331e-35
2.73573e-35
3.07034e-35
3.40855e-35
2.81732e-35
2.58627e-35
2.25916e-35
2.07275e-35
3.77533e-35
3.00638e-35
5.84165e-35
6.72855e-35
6.81999e-35
8.7512e-35
6.94566e-35
5.31144e-35
5.44481e-35
4.7012e-35
2.3337e-35
3.10785e-35
1.58738e-35
1.76816e-35
2.14946e-35
2.28554e-35
2.33646e-35
2.10879e-35
1.85487e-35
1.62327e-35
3.11007e-35
2.42615e-35
4.77481e-35
5.44709e-35
5.42018e-35
7.03322e-35
7.48259e-35
5.77398e-35
5.80602e-35
5.04152e-35
2.55122e-35
3.29233e-35
1.73772e-35
1.9307e-35
2.25843e-35
2.44705e-35
1.7949e-35
1.58636e-35
1.47482e-35
1.3231e-35
2.35798e-35
1.94715e-35
3.70035e-35
4.20341e-35
4.34312e-35
5.53057e-35
5.09254e-35
3.99657e-35
3.89328e-35
3.37264e-35
1.75401e-35
2.16556e-35
1.22416e-35
1.30886e-35
1.48596e-35
1.61659e-35
1.422e-35
1.24054e-35
1.16398e-35
1.01419e-35
1.85777e-35
1.52043e-35
2.90549e-35
3.27843e-35
3.3565e-35
4.29918e-35
4.65544e-35
3.58433e-35
3.63055e-35
3.12375e-35
1.56517e-35
2.05305e-35
1.07984e-35
1.17616e-35
1.42464e-35
1.50797e-35
9.32603e-36
8.92404e-36
7.09859e-36
6.38116e-36
1.2804e-35
9.37268e-36
1.91784e-35
2.23357e-35
2.14578e-35
2.82581e-35
1.72724e-35
1.30927e-35
1.36776e-35
1.1737e-35
5.71618e-36
7.85295e-36
3.88757e-36
4.33212e-36
5.47879e-36
5.71124e-36
9.21758e-36
8.73021e-36
7.16458e-36
6.56676e-36
1.25684e-35
9.52809e-36
1.90817e-35
2.21913e-35
2.18302e-35
2.84037e-35
2.61485e-35
2.0379e-35
1.99769e-35
1.7693e-35
9.22666e-36
1.13375e-35
6.14841e-36
7.06799e-36
7.57861e-36
8.66479e-36
9.85479e-36
9.08147e-36
7.95144e-36
7.42478e-36
1.32213e-35
1.06491e-35
2.05466e-35
2.37334e-35
PE = -32.4323
