Time-bound=100
Reading Markov network
Solver inited
Domains reduced
Domains reduced
SampleSearch not necessary
Treewidth = 7
# sampled = 6
# sampled = 6
Limit for exact inf = 3.2
Dom size i-bound = 3
Join graph constructed
Nodes initialized
Iteration 0 Done
Iteration 1 Done
Iteration 2 Done
Iteration 3 Done
Iteration 4 Done
Iteration 5 Done
Iteration 6 Done
Iteration 7 Done
Iteration 8 Done
Iteration 9 Done
Iteration 10 Done
Iteration 11 Done
Iteration 12 Done
Iteration 13 Done
Initing POS
Num Samples = 171
