ObjectDetection_28.uai.MAR
Evidence read
Total time = 120
i-bound = 4
rb-bound = 11.848
num iterations  = 17
Smallest cutset size inited to 1.79769e+308
6.90776 1.79769e+308 0 0
lex inited
60
9.18232e-50
8.28373e-50
5.52182e-50
5.90417e-50
5.52847e-50
4.88287e-50
2.75634e-50
2.29061e-50
3.39212e-50
2.82725e-50
2.02115e-50
2.45711e-50
1.68926e-50
1.98123e-50
3.46142e-50
3.87487e-50
4.26157e-50
3.95613e-50
5.83188e-50
6.59361e-50
7.31612e-50
6.52552e-50
4.41012e-50
4.68805e-50
4.33813e-50
3.86401e-50
2.16113e-50
1.82075e-50
2.71124e-50
2.21757e-50
1.8571e-50
2.24479e-50
1.49136e-50
1.80355e-50
3.24939e-50
3.67948e-50
3.89464e-50
3.67804e-50
5.5153e-50
6.09487e-50
5.22224e-50
4.70819e-50
3.12437e-50
3.38695e-50
3.14805e-50
2.77396e-50
1.60275e-50
1.33483e-50
1.93436e-50
1.63594e-50
1.53643e-50
1.77042e-50
1.23117e-50
1.50597e-50
2.57378e-50
2.95493e-50
3.12787e-50
2.86198e-50
4.39533e-50
4.79999e-50
4.22024e-50
3.85575e-50
2.52708e-50
2.73113e-50
2.58625e-50
2.26093e-50
1.29841e-50
1.06327e-50
1.5548e-50
1.32932e-50
1.06027e-50
1.29434e-50
8.78491e-51
1.03605e-50
1.83354e-50
2.05448e-50
2.24027e-50
2.09523e-50
3.09199e-50
3.48272e-50
3.31167e-50
2.97849e-50
1.97259e-50
2.16462e-50
1.9935e-50
1.75542e-50
1.03555e-50
8.66237e-51
1.23071e-50
1.05217e-50
9.11932e-51
1.13274e-50
7.44776e-51
8.846e-51
1.61847e-50
1.81157e-50
1.94629e-50
1.85604e-50
2.73063e-50
3.06345e-50
2.51689e-50
2.1962e-50
1.52823e-50
1.59561e-50
1.44748e-50
1.31221e-50
7.12985e-51
6.16392e-51
9.37478e-51
7.33909e-51
8.5059e-51
1.02318e-50
7.2016e-51
8.3842e-51
1.42969e-50
1.60005e-50
1.78263e-50
1.63157e-50
2.40639e-50
2.73316e-50
2.88548e-50
2.5078e-50
1.73972e-50
1.8521e-50
1.65542e-50
1.49912e-50
8.42094e-51
7.33187e-51
1.08026e-50
8.60481e-51
1.05661e-50
1.27093e-50
8.6913e-51
1.03359e-50
1.81051e-50
2.04097e-50
2.21143e-50
2.05512e-50
3.06286e-50
3.42457e-50
3.89911e-50
3.49515e-50
2.32993e-50
2.53534e-50
2.33436e-50
2.06319e-50
1.20008e-50
1.00744e-50
1.44871e-50
1.22251e-50
1.31561e-50
1.59977e-50
1.10393e-50
1.29086e-50
2.24742e-50
2.51351e-50
2.77467e-50
2.5707e-50
3.78395e-50
4.28742e-50
4.95827e-50
4.39225e-50
2.99869e-50
3.16153e-50
2.91108e-50
2.60863e-50
1.43936e-50
1.22215e-50
1.83959e-50
1.47987e-50
1.79016e-50
2.2508e-50
1.51153e-50
1.74722e-50
3.14249e-50
PE = -47.3575
