ObjectDetection_51.uai.MAR
Evidence read
Total time = 120
i-bound = 4
rb-bound = 11.848
num iterations  = 17
Smallest cutset size inited to 1.79769e+308
9.21034 1.79769e+308 0 0
6.90776 9.21034 3 0
lex inited
60
1.87281e-56
1.5029e-56
1.47761e-56
1.42722e-56
1.57163e-56
9.76295e-57
1.16755e-56
7.00317e-57
1.22156e-56
1.20466e-56
8.74521e-57
8.86772e-57
5.17962e-57
8.40695e-57
7.26979e-57
1.14986e-56
1.0417e-56
1.08338e-56
1.10856e-56
1.38406e-56
6.90478e-57
5.59432e-57
5.52282e-57
5.42401e-57
5.92397e-57
3.55936e-57
4.53951e-57
2.61333e-57
4.67259e-57
4.59063e-57
2.59679e-57
2.71676e-57
1.74681e-57
2.58903e-57
2.24216e-57
3.5334e-57
3.29839e-57
3.2063e-57
3.4962e-57
4.15616e-57
9.3718e-57
7.45194e-57
7.27955e-57
6.91532e-57
7.67853e-57
4.95175e-57
5.50979e-57
3.46971e-57
5.86985e-57
5.80759e-57
5.45855e-57
5.48305e-57
3.06098e-57
5.22683e-57
4.38821e-57
7.05547e-57
6.34756e-57
6.711e-57
6.70121e-57
8.47743e-57
6.71089e-57
5.48834e-57
5.33097e-57
5.29885e-57
5.758e-57
3.49105e-57
4.38097e-57
2.60319e-57
4.52197e-57
4.41372e-57
5.19338e-57
5.30747e-57
3.11909e-57
5.07687e-57
4.25462e-57
6.83645e-57
6.25354e-57
6.36848e-57
6.58276e-57
8.10403e-57
7.73265e-57
6.10635e-57
6.07638e-57
5.72969e-57
6.38012e-57
4.03134e-57
4.6591e-57
2.79916e-57
4.92335e-57
4.89889e-57
3.57063e-57
3.68814e-57
2.23072e-57
3.54083e-57
2.94713e-57
4.74737e-57
4.38991e-57
4.36402e-57
4.60397e-57
5.57174e-57
4.67308e-57
3.88376e-57
3.65449e-57
3.70561e-57
3.99323e-57
2.47924e-57
2.98015e-57
1.89622e-57
3.10171e-57
2.99191e-57
4.06604e-57
4.10167e-57
2.35744e-57
3.88473e-57
3.35923e-57
5.31614e-57
4.79146e-57
5.04002e-57
5.10285e-57
6.4238e-57
6.76915e-57
5.53055e-57
5.31124e-57
5.25751e-57
5.72716e-57
3.56456e-57
4.25577e-57
2.64077e-57
4.44552e-57
4.33395e-57
3.67755e-57
3.78164e-57
2.20045e-57
3.66667e-57
2.92018e-57
4.81609e-57
4.44782e-57
4.43897e-57
PE = -54.1061
