ObjectDetection_34.uai.MAR
Evidence read
Total time = 120
i-bound = 4
rb-bound = 11.848
num iterations  = 17
Smallest cutset size inited to 1.79769e+308
9.21034 1.79769e+308 0 0
6.90776 9.21034 3 0
lex inited
60
1.98958e-38
1.25937e-38
1.60238e-38
1.19431e-38
1.28481e-38
1.0891e-38
1.43644e-38
1.09936e-38
8.30039e-39
9.69943e-39
8.56146e-39
7.31131e-39
9.77343e-39
1.25998e-38
9.49169e-39
1.12284e-38
1.05989e-38
1.39786e-38
1.1104e-38
1.74805e-38
1.10715e-38
7.09674e-39
8.70789e-39
6.74324e-39
6.9273e-39
6.01452e-39
7.9149e-39
6.13252e-39
4.48692e-39
5.30587e-39
7.36124e-39
6.36122e-39
8.248e-39
1.07356e-38
8.05626e-39
9.77606e-39
8.83056e-39
1.20664e-38
9.25441e-39
1.47483e-38
1.31309e-38
8.29799e-39
1.06212e-38
7.80461e-39
8.48207e-39
7.25443e-39
9.48108e-39
7.1497e-39
5.42568e-39
6.33991e-39
4.13855e-39
3.53158e-39
4.66083e-39
6.27609e-39
4.85796e-39
5.58504e-39
5.13369e-39
7.04236e-39
5.51124e-39
8.71267e-39
9.16401e-39
5.86134e-39
7.24712e-39
5.51075e-39
5.73579e-39
5.03674e-39
6.55185e-39
4.98119e-39
3.66842e-39
4.33732e-39
4.02269e-39
3.52034e-39
4.47238e-39
5.67266e-39
4.14798e-39
5.28678e-39
4.66609e-39
6.40141e-39
4.79611e-39
7.71184e-39
8.19809e-39
5.0754e-39
6.8713e-39
4.90015e-39
5.66626e-39
4.45305e-39
6.04615e-39
4.69101e-39
3.73853e-39
4.25888e-39
3.66391e-39
3.15745e-39
4.07912e-39
5.47152e-39
4.19188e-39
4.95734e-39
4.42752e-39
6.18678e-39
4.72404e-39
7.53384e-39
5.44646e-39
3.42081e-39
4.45994e-39
3.19994e-39
3.56508e-39
3.03401e-39
3.94901e-39
2.93828e-39
2.26568e-39
2.63419e-39
3.05294e-39
2.67483e-39
3.369e-39
4.35066e-39
3.21324e-39
4.0629e-39
3.53082e-39
4.93864e-39
3.66402e-39
5.90875e-39
5.55644e-39
3.46124e-39
4.59942e-39
3.36106e-39
3.78958e-39
2.99211e-39
4.08056e-39
3.21093e-39
2.51792e-39
2.8827e-39
3.12099e-39
2.63454e-39
3.59113e-39
4.73282e-39
3.6487e-39
4.12841e-39
3.98628e-39
5.22883e-39
PE = -36.0471
