ObjectDetection_70.uai.MAR
Evidence read
Total time = 120
i-bound = 4
rb-bound = 11.848
num iterations  = 17
Smallest cutset size inited to 1.79769e+308
9.21034 1.79769e+308 0 0
6.90776 9.21034 3 0
lex inited
60
4.70284e-34
4.05951e-34
3.82831e-34
2.4842e-34
2.53726e-34
1.76329e-34
1.61613e-34
8.5674e-35
1.01228e-34
1.81975e-34
1.12712e-34
6.4047e-35
5.29609e-35
9.91815e-35
1.10471e-34
1.54998e-34
1.53301e-34
2.35595e-34
2.52317e-34
2.87665e-34
2.77116e-34
2.43046e-34
2.29108e-34
1.46277e-34
1.52364e-34
1.05494e-34
9.35643e-35
5.37826e-35
6.09953e-35
1.10447e-34
7.9904e-35
4.38902e-35
3.71983e-35
7.27334e-35
7.72068e-35
1.13009e-34
1.1065e-34
1.69811e-34
1.78749e-34
2.10743e-34
1.66653e-34
1.40111e-34
1.33018e-34
8.76206e-35
8.82719e-35
6.0591e-35
5.81949e-35
2.82657e-35
3.43175e-35
6.20597e-35
7.55008e-35
4.25478e-35
3.4678e-35
6.91257e-35
7.42247e-35
1.05552e-34
1.05199e-34
1.60071e-34
1.70296e-34
1.98391e-34
1.18784e-34
1.06175e-34
1.00029e-34
6.26396e-35
6.67875e-35
4.60444e-35
3.92723e-35
2.48581e-35
2.68508e-35
4.9042e-35
6.82242e-35
3.68474e-35
3.37529e-35
5.71554e-35
6.41105e-35
9.48886e-35
8.95314e-35
1.41536e-34
1.48832e-34
1.71029e-34
1.24692e-34
1.11687e-34
1.03154e-34
6.70821e-35
6.73706e-35
4.93227e-35
4.2973e-35
2.356e-35
2.89519e-35
4.98674e-35
3.78817e-35
2.03013e-35
1.94244e-35
3.01764e-35
3.50551e-35
5.20847e-35
4.81239e-35
7.74133e-35
8.14423e-35
9.20145e-35
7.57142e-35
6.68425e-35
6.35536e-35
3.95957e-35
4.27468e-35
2.87686e-35
2.48899e-35
1.58379e-35
1.66402e-35
3.10334e-35
4.09763e-35
2.38035e-35
1.92692e-35
3.5549e-35
4.06005e-35
5.54575e-35
5.53587e-35
8.49396e-35
9.19426e-35
1.02907e-34
1.41027e-34
1.22415e-34
1.16445e-34
7.38209e-35
7.80432e-35
5.27279e-35
4.72399e-35
2.7583e-35
3.0269e-35
5.60128e-35
4.01801e-35
2.20107e-35
2.027e-35
3.2396e-35
3.77911e-35
5.48192e-35
5.15446e-35
8.21292e-35
PE = -31.8793
