Time-bound=100
Reading Markov network
Treewidth = 19
# sampled = 5
# sampled = 5
Limit for exact inf = 4.5
log 10 num values = 1.50515
not propagating: -62.735 -80.1628
not propagating: -62.8303 -82.9571
not propagating: -62.9173 -82.8142
not propagating: -62.9973 -76.2258
not propagating: -63.0714 -76.7139
not propagating: -63.3757 -78.6207
not propagating: -63.427 -80.8346
not propagating: -63.4758 -87.4115
not propagating: -63.5223 -84.7046
not propagating: -63.5668 -82.3871
not propagating: -63.6093 -81.2013
not propagating: -63.6894 -82.0542
not propagating: -63.7271 -85.586
not propagating: -63.7635 -82.1842
not propagating: -63.8325 -79.0691
Explored = 32out of 32
Exact answer
